<?xml version="1.0" encoding="UTF-8"?>
<!-- Generated by org.testng.reporters.JUnitReportReporter -->
<testsuite hostname="ourlaptop" failures="0" tests="1" name="com.inetbanking.testCases.TC_LoginTest_001" time="5.967" errors="0" timestamp="2024-07-18T21:02:32 IST" skipped="0">
  <testcase classname="com.inetbanking.testCases.TC_LoginTest_001" name="LoginTest" time="5.967"/>
</testsuite> <!-- com.inetbanking.testCases.TC_LoginTest_001 -->
