<?xml version="1.0" encoding="UTF-8"?>
<!-- Generated by org.testng.reporters.JUnitReportReporter -->
<testsuite hostname="ourlaptop" failures="0" tests="1" name="com.inetbanking.testCases.TC_LoginTest_001" time="7.308" errors="0" timestamp="2024-07-09T20:37:58 IST" skipped="0">
  <testcase classname="com.inetbanking.testCases.TC_LoginTest_001" name="LoginTest" time="7.308"/>
</testsuite> <!-- com.inetbanking.testCases.TC_LoginTest_001 -->
